********************************************************************************
DUPLICATOR-LITE PACKAGE-LOG: 26.01.2021 07:50
NOTICE: Do NOT post to public sites or forums 
********************************************************************************
VERSION:	1.3.40.1
WORDPRESS:	5.6
PHP INFO:	7.2.10 | SAPI: apache2handler
SERVER:		Apache 
PHP TIME LIMIT: (0) no time limit imposed 
PHP MAX MEMORY: 4294967296 (1536M default) 
MEMORY STACK: 6MB

********************************************************************************
DATABASE:
********************************************************************************
BUILD MODE:   MYSQLDUMP
MYSQLTIMEOUT: 5000
MYSQLDUMP:    Is Supported
SQL CREATED: 20210126_kabrita_f93af729aa5cea4c8737_20210126075050_database.sql
SQL FILE SIZE: 620.6KB (635496)
SQL FILE TIME: 2021-01-26 07:51:00
SQL RUNTIME: 2.24 sec.

********************************************************************************
ARCHIVE (ZIP):
********************************************************************************
ARCHIVE DIR:  E:/SERVER/SERVER/OSPanel/domains/Kabrita
ARCHIVE FILE: 20210126_kabrita_f93af729aa5cea4c8737_20210126075050_archive.zip
FILTERS: *OFF*
DIRS:
	not set
FILES:
	not set
EXTS:  not set
----------------------------------------
COMPRESSING
SIZE:	81.4MB
STATS:	Dirs 612 | Files 3,252
SQL ADDED: 20210126_kabrita_f93af729aa5cea4c8737_20210126075050_database.sql
ZipArchive Object
(
    [status] => 0
    [statusSys] => 0
    [numFiles] => 3864
    [filename] => E:\SERVER\SERVER\OSPanel\domains\Kabrita\wp-content\backups-dup-lite\tmp\20210126_kabrita_f93af729aa5cea4c8737_20210126075050_archive.zip
    [comment] => 
)

FILE ADDED TO ZIP: 3863
[PHP ERR][NOTICE] MSG:ob_flush(): failed to flush buffer. No buffer to flush [CODE:8|FILE:E:\SERVER\SERVER\OSPanel\domains\Kabrita\wp-content\plugins\duplicator\classes\utilities\class.u.php|LINE:171]
do_action('wp_ajax_duplicator_package_build'), WP_Hook->do_action, WP_Hook->apply_filters, duplicator_package_build, DUP_Package->runZipBuild, DUP_Archive->build, DUP_Zip::create, DUP_Util::fcgiFlush, ob_flush, DUP_Handler::error, DUP_Handler::getMessage
COMPRESSION RESULT: '1'
COMPRESSED SIZE: 31.04MB
ARCHIVE RUNTIME: 14.48 sec.
MEMORY STACK: 8MB
building installer
add_extra_files1
add_extra_files2
add_extra_files3
add_extra_files4
Doing archive file check
add_extra_files5
add_extra_files6
add_extra_files8
Successfully opened zip E:/SERVER/SERVER/OSPanel/domains/Kabrita/wp-content/backups-dup-lite/tmp/20210126_kabrita_f93af729aa5cea4c8737_20210126075050_archive.zip
Adding enhanced installer files to archive using ZipArchive
Installer files added to archive
Added to archive
After ziparchive close when adding installer

********************************************************************************
INTEGRITY CHECKS:
********************************************************************************
SQL FILE: 620.6KB
INSTALLER FILE: 61.29KB
ARCHIVE FILE: 32.54MB 
EXPECTED FILE/DIRECTORY COUNT: 3,864
ACTUAL FILE/DIRECTORY COUNT: 3,863
ТЕСТ ЛОГИКИ АРХИВА: Пройден

********************************************************************************
RECORD ID:[1]
TOTAL PROCESS RUNTIME: 17.51 sec.
PEAK PHP MEMORY USED: 8MB
DONE PROCESSING => 20210126_kabrita 26.01.2021 07:51

